<?xml version="1.0" encoding="UTF-8"?>
<!-- Generated by org.testng.reporters.JUnitReportReporter -->
<testsuite skipped="0" hostname="Lilia" name="tests.SeleniumGridTest.ChromGridTest" tests="12" failures="0" timestamp="25 черв. 2017 17:32:46 GMT" time="236.491" errors="0">
  <testcase name="changeFilter" time="20.741" classname="tests.SeleniumGridTest.ChromGridTest"/>
  <testcase name="changeFilter" time="26.238" classname="tests.SeleniumGridTest.ChromGridTest"/>
  <testcase name="changeFilter" time="38.305" classname="tests.SeleniumGridTest.ChromGridTest"/>
  <testcase name="changePswrd" time="15.360" classname="tests.SeleniumGridTest.ChromGridTest"/>
  <testcase name="changePswrd" time="12.441" classname="tests.SeleniumGridTest.ChromGridTest"/>
  <testcase name="changePswrd" time="29.606" classname="tests.SeleniumGridTest.ChromGridTest"/>
  <testcase name="sendLetter" time="25.018" classname="tests.SeleniumGridTest.ChromGridTest"/>
  <testcase name="sendLetter" time="7.451" classname="tests.SeleniumGridTest.ChromGridTest"/>
  <testcase name="sendLetter" time="9.191" classname="tests.SeleniumGridTest.ChromGridTest"/>
  <testcase name="makeContact" time="9.727" classname="tests.SeleniumGridTest.ChromGridTest"/>
  <testcase name="makeContact" time="8.216" classname="tests.SeleniumGridTest.ChromGridTest"/>
  <testcase name="makeContact" time="34.197" classname="tests.SeleniumGridTest.ChromGridTest"/>
</testsuite> <!-- tests.SeleniumGridTest.ChromGridTest -->
